array_1.*.false.json: ERROR (PathNotFoundException: Cannot open file, path = 'array_1.*.false.json' (OS Error: No such file or directory, errno = 2))
array_1.*.true.json: ERROR (PathNotFoundException: Cannot open file, path = 'array_1.*.true.json' (OS Error: No such file or directory, errno = 2))
array_1.values.json[0]: PASS
array_1.values.json[1]: FAIL (.: not array or unexpected array [.])
array_1.values.json[2]: FAIL (.: not array or unexpected array [.])
array_1.values.json[3]: FAIL (.: not array or unexpected array [.])
array_1.values.json[4]: FAIL (.: not array or unexpected array [.])
array_1.values.json[5]: FAIL (.: not array or unexpected array [.])
array_1.values.json[6]: FAIL (.: not array or unexpected array [.])
array_1.values.json[7]: FAIL (.: not array or unexpected array [.])
array_1.values.json[8]: FAIL (.: not array or unexpected array [.])
array_1.values.json[9]: FAIL (.: not array or unexpected array [.])
array_1.values.json[10]: FAIL (.: not array or unexpected array [.])
array_1.values.json[11]: FAIL (.: not array or unexpected array [.])
