array_2.*.false.json: ERROR (PathNotFoundException: Cannot open file, path = 'array_2.*.false.json' (OS Error: No such file or directory, errno = 2))
array_2.*.true.json: ERROR (PathNotFoundException: Cannot open file, path = 'array_2.*.true.json' (OS Error: No such file or directory, errno = 2))
array_2.values.json[0]: PASS
array_2.values.json[1]: PASS
array_2.values.json[2]: PASS
array_2.values.json[3]: FAIL (.: not array or unexpected array [.]; .0: unexpected string [.0])
array_2.values.json[4]: FAIL (.: not array or unexpected array [.]; .0: unexpected string [.0])
array_2.values.json[5]: FAIL (.: not array or unexpected array [.]; .1: unexpected string [.0])
array_2.values.json[6]: FAIL (.: not array or unexpected array [.])
array_2.values.json[7]: FAIL (.: not array or unexpected array [.])
array_2.values.json[8]: FAIL (.: not array or unexpected array [.])
array_2.values.json[9]: FAIL (.: not array or unexpected array [.])
array_2.values.json[10]: FAIL (.: not array or unexpected array [.])
array_2.values.json[11]: FAIL (.: not array or unexpected array [.])
array_2.values.json[12]: FAIL (.: not array or unexpected array [.])
array_2.values.json[13]: FAIL (.: not array or unexpected array [.])
