bool_0.*.false.json: ERROR (PathNotFoundException: Cannot open file, path = 'bool_0.*.false.json' (OS Error: No such file or directory, errno = 2))
bool_0.*.true.json: ERROR (PathNotFoundException: Cannot open file, path = 'bool_0.*.true.json' (OS Error: No such file or directory, errno = 2))
bool_0.values.json[0]: PASS
bool_0.values.json[1]: PASS
bool_0.values.json[2]: FAIL (.: not a bool [.])
bool_0.values.json[3]: FAIL (.: not a bool [.])
bool_0.values.json[4]: FAIL (.: not a bool [.])
bool_0.values.json[5]: FAIL (.: not a bool [.])
bool_0.values.json[6]: FAIL (.: not a bool [.])
bool_0.values.json[7]: FAIL (.: not a bool [.])
bool_0.values.json[8]: FAIL (.: not a bool [.])
bool_0.values.json[9]: FAIL (.: not a bool [.])
bool_0.values.json[10]: FAIL (.: not a bool [.])
