defs_0.*.false.json: ERROR (PathNotFoundException: Cannot open file, path = 'defs_0.*.false.json' (OS Error: No such file or directory, errno = 2))
defs_0.*.true.json: ERROR (PathNotFoundException: Cannot open file, path = 'defs_0.*.true.json' (OS Error: No such file or directory, errno = 2))
defs_0.values.json[0]: PASS
defs_0.values.json[1]: PASS
defs_0.values.json[2]: PASS
defs_0.values.json[3]: FAIL (.: not a 0 strict int [.'$an_int'])
defs_0.values.json[4]: FAIL (.: not a 0 strict int [.'$an_int'])
defs_0.values.json[5]: FAIL (.: not a 0 strict int [.'$an_int'])
defs_0.values.json[6]: FAIL (.: not a 0 strict int [.'$an_int'])
defs_0.values.json[7]: FAIL (.: not a 0 strict int [.'$an_int'])
defs_0.values.json[8]: FAIL (.: not a 0 strict int [.'$an_int'])
defs_0.values.json[9]: FAIL (.: not a 0 strict int [.'$an_int'])
