part_cset.*.false.json: ERROR (PathNotFoundException: Cannot open file, path = 'part_cset.*.false.json' (OS Error: No such file or directory, errno = 2))
part_cset.*.true.json: ERROR (PathNotFoundException: Cannot open file, path = 'part_cset.*.true.json' (OS Error: No such file or directory, errno = 2))
part_cset.values.json[0]: PASS
part_cset.values.json[1]: PASS
part_cset.values.json[2]: PASS
part_cset.values.json[3]: PASS
part_cset.values.json[4]: FAIL (.: value not in enum [.'|'])
part_cset.values.json[5]: FAIL (.: value not in enum [.'|'])
part_cset.values.json[6]: FAIL (.: value not in enum [.'|'])
part_cset.values.json[7]: FAIL (.: value not in enum [.'|'])
part_cset.values.json[8]: FAIL (.: value not in enum [.'|'])
part_cset.values.json[9]: FAIL (.: value not in enum [.'|'])
part_cset.values.json[10]: FAIL (.: value not in enum [.'|'])
part_cset.values.json[11]: FAIL (.: value not in enum [.'|'])
part_cset.values.json[12]: FAIL (.: value not in enum [.'|'])
part_cset.values.json[13]: FAIL (.: value not in enum [.'|'])
part_cset.values.json[14]: FAIL (.: value not in enum [.'|'])
