prop_discriminant_0.*.false.json: ERROR (PathNotFoundException: Cannot open file, path = 'prop_discriminant_0.*.false.json' (OS Error: No such file or directory, errno = 2))
prop_discriminant_0.*.true.json: ERROR (PathNotFoundException: Cannot open file, path = 'prop_discriminant_0.*.true.json' (OS Error: No such file or directory, errno = 2))
prop_discriminant_0.values.json[0]: PASS
prop_discriminant_0.values.json[1]: PASS
prop_discriminant_0.values.json[2]: PASS
prop_discriminant_0.values.json[3]: PASS
prop_discriminant_0.values.json[4]: PASS
prop_discriminant_0.values.json[5]: PASS
prop_discriminant_0.values.json[6]: PASS
prop_discriminant_0.values.json[7]: PASS
prop_discriminant_0.values.json[8]: PASS
prop_discriminant_0.values.json[9]: PASS
prop_discriminant_0.values.json[10]: PASS
prop_discriminant_0.values.json[11]: PASS
prop_discriminant_0.values.json[12]: FAIL (.: no model matched [.'|']; .: unexpected element [.'|'.2]; .: missing mandatory prop <d> [.'|'.2]; .: unexpected element [.'|'.1]; .: missing mandatory prop <c> [.'|'.1]; .: unexpected element [.'|'.0]; .: missing mandatory prop <b> [.'|'.0])
prop_discriminant_0.values.json[13]: FAIL (.: no model matched [.'|']; .: unexpected element [.'|'.2]; .b: unexpected prop [.'|'.2]; .: unexpected element [.'|'.1]; .b: unexpected prop [.'|'.1]; .: unexpected element [.'|'.0]; .c: unexpected prop [.'|'.0])
prop_discriminant_0.values.json[14]: FAIL (.: no model matched [.'|']; .: unexpected element [.'|'.2]; .: missing mandatory prop <d> [.'|'.2]; .: missing mandatory prop <a> [.'|'.2]; .: unexpected element [.'|'.1]; .: missing mandatory prop <c> [.'|'.1]; .: missing mandatory prop <a> [.'|'.1]; .: unexpected element [.'|'.0]; .: missing mandatory prop <b> [.'|'.0]; .: missing mandatory prop <a> [.'|'.0])
prop_discriminant_0.values.json[15]: FAIL (.: unexpected type [.'|'])
prop_discriminant_0.values.json[16]: FAIL (.: unexpected type [.'|'])
prop_discriminant_0.values.json[17]: FAIL (.: unexpected type [.'|'])
prop_discriminant_0.values.json[18]: FAIL (.: unexpected type [.'|'])
prop_discriminant_0.values.json[19]: FAIL (.: unexpected type [.'|'])
prop_discriminant_0.values.json[20]: FAIL (.: unexpected type [.'|'])
prop_discriminant_0.values.json[21]: FAIL (.: unexpected type [.'|'])
prop_discriminant_0.values.json[22]: FAIL (.: unexpected type [.'|'])
prop_discriminant_0.values.json[23]: FAIL (.: unexpected type [.'|'])
