alter-1.*.false.json: ERROR (PathNotFoundException: Cannot open file, path = 'alter-1.*.false.json' (OS Error: No such file or directory, errno = 2))
alter-1.*.true.json: ERROR (PathNotFoundException: Cannot open file, path = 'alter-1.*.true.json' (OS Error: No such file or directory, errno = 2))
alter-1.values.json[0]: PASS
alter-1.values.json[1]: PASS
alter-1.values.json[2]: PASS
alter-1.values.json[3]: PASS
alter-1.values.json[4]: PASS
alter-1.values.json[5]: PASS
alter-1.values.json[6]: PASS
alter-1.values.json[7]: PASS
alter-1.values.json[8]: PASS
alter-1.values.json[9]: FAIL
alter-1.values.json[10]: FAIL
alter-1.values.json[11]: FAIL
alter-1.values.json[12]: FAIL
alter-1.values.json[13]: FAIL
alter-1.values.json[14]: FAIL
alter-1.values.json[15]: FAIL
alter-1.values.json[16]: FAIL
alter-1.values.json[17]: FAIL
alter-1.values.json[18]: FAIL
alter-1.values.json[19]: FAIL
alter-1.values.json[20]: FAIL
alter-1.values.json[21]: FAIL
alter-1.values.json[22]: FAIL
alter-1.values.json[23]: FAIL
alter-1.values.json[24]: FAIL
alter-1.values.json[25]: FAIL
alter-1.values.json[26]: FAIL
alter-1.values.json[27]: FAIL
alter-1.values.json[28]: FAIL
alter-1.values.json[29]: FAIL
alter-1.values.json[30]: FAIL
