alter-4.*.false.json: ERROR (PathNotFoundException: Cannot open file, path = 'alter-4.*.false.json' (OS Error: No such file or directory, errno = 2))
alter-4.*.true.json: ERROR (PathNotFoundException: Cannot open file, path = 'alter-4.*.true.json' (OS Error: No such file or directory, errno = 2))
alter-4.values.json[0]: PASS
alter-4.values.json[1]: PASS
alter-4.values.json[2]: PASS
alter-4.values.json[3]: PASS
alter-4.values.json[4]: PASS
alter-4.values.json[5]: PASS
alter-4.values.json[6]: PASS
alter-4.values.json[7]: FAIL
alter-4.values.json[8]: FAIL
alter-4.values.json[9]: FAIL
alter-4.values.json[10]: FAIL
alter-4.values.json[11]: FAIL
alter-4.values.json[12]: FAIL
alter-4.values.json[13]: FAIL
alter-4.values.json[14]: FAIL
alter-4.values.json[15]: FAIL
alter-4.values.json[16]: FAIL
alter-4.values.json[17]: FAIL
alter-4.values.json[18]: FAIL
alter-4.values.json[19]: FAIL
alter-4.values.json[20]: FAIL
