pU64.*.false.json: ERROR (PathNotFoundException: Cannot open file, path = 'pU64.*.false.json' (OS Error: No such file or directory, errno = 2))
pU64.*.true.json: ERROR (PathNotFoundException: Cannot open file, path = 'pU64.*.true.json' (OS Error: No such file or directory, errno = 2))
pU64.values.json[0]: PASS
pU64.values.json[1]: PASS
pU64.values.json[2]: FAIL (.: unexpected $U64 [.])
pU64.values.json[3]: FAIL (.: unexpected $U64 [.])
pU64.values.json[4]: FAIL (.: unexpected $U64 [.])
pU64.values.json[5]: FAIL (.: unexpected $U64 [.])
pU64.values.json[6]: FAIL (.: unexpected $U64 [.])
pU64.values.json[7]: FAIL (.: unexpected $U64 [.])
pU64.values.json[8]: FAIL (.: unexpected $U64 [.])
