re_2.*.false.json: ERROR (PathNotFoundException: Cannot open file, path = 're_2.*.false.json' (OS Error: No such file or directory, errno = 2))
re_2.*.true.json: ERROR (PathNotFoundException: Cannot open file, path = 're_2.*.true.json' (OS Error: No such file or directory, errno = 2))
re_2.values.json[0]: PASS
re_2.values.json[1]: FAIL (.: unexpected $REGEX [.])
re_2.values.json[2]: FAIL (.: unexpected $REGEX [.])
re_2.values.json[3]: FAIL (.: unexpected $REGEX [.])
re_2.values.json[4]: FAIL (.: unexpected $REGEX [.])
re_2.values.json[5]: FAIL (.: unexpected $REGEX [.])
re_2.values.json[6]: FAIL (.: unexpected $REGEX [.])
re_2.values.json[7]: FAIL (.: unexpected $REGEX [.])
re_2.values.json[8]: FAIL (.: unexpected $REGEX [.])
re_2.values.json[9]: FAIL (.: unexpected $REGEX [.])
