scope_1.*.false.json: ERROR (PathNotFoundException: Cannot open file, path = 'scope_1.*.false.json' (OS Error: No such file or directory, errno = 2))
scope_1.*.true.json: ERROR (PathNotFoundException: Cannot open file, path = 'scope_1.*.true.json' (OS Error: No such file or directory, errno = 2))
scope_1.values.json[0]: PASS
scope_1.values.json[1]: PASS
scope_1.values.json[2]: PASS
scope_1.values.json[3]: FAIL (.: no model matched [.'|']; .: unexpected $r#s [.'|'.1]; .: unexpected /[0-9]/ [.'$r#s']; .: unexpected $s [.'|'.0]; .: unexpected /[a-z]/ [.'$s'])
scope_1.values.json[4]: FAIL (.: no model matched [.'|']; .: unexpected $r#s [.'|'.1]; .: unexpected /[0-9]/ [.'$r#s']; .: unexpected $s [.'|'.0]; .: unexpected /[a-z]/ [.'$s'])
scope_1.values.json[5]: FAIL (.: no model matched [.'|']; .: unexpected $r#s [.'|'.1]; .: unexpected /[0-9]/ [.'$r#s']; .: unexpected $s [.'|'.0]; .: unexpected /[a-z]/ [.'$s'])
scope_1.values.json[6]: FAIL (.: no model matched [.'|']; .: unexpected $r#s [.'|'.1]; .: unexpected /[0-9]/ [.'$r#s']; .: unexpected $s [.'|'.0]; .: unexpected /[a-z]/ [.'$s'])
scope_1.values.json[7]: FAIL (.: no model matched [.'|']; .: unexpected $r#s [.'|'.1]; .: unexpected /[0-9]/ [.'$r#s']; .: unexpected $s [.'|'.0]; .: unexpected /[a-z]/ [.'$s'])
scope_1.values.json[8]: FAIL (.: no model matched [.'|']; .: unexpected $r#s [.'|'.1]; .: unexpected /[0-9]/ [.'$r#s']; .: unexpected $s [.'|'.0]; .: unexpected /[a-z]/ [.'$s'])
scope_1.values.json[9]: FAIL (.: no model matched [.'|']; .: unexpected $r#s [.'|'.1]; .: unexpected /[0-9]/ [.'$r#s']; .: unexpected $s [.'|'.0]; .: unexpected /[a-z]/ [.'$s'])
scope_1.values.json[10]: FAIL (.: no model matched [.'|']; .: unexpected $r#s [.'|'.1]; .: unexpected /[0-9]/ [.'$r#s']; .: unexpected $s [.'|'.0]; .: unexpected /[a-z]/ [.'$s'])
