untype00.*.false.json: ERROR (PathNotFoundException: Cannot open file, path = 'untype00.*.false.json' (OS Error: No such file or directory, errno = 2))
untype00.*.true.json: ERROR (PathNotFoundException: Cannot open file, path = 'untype00.*.true.json' (OS Error: No such file or directory, errno = 2))
untype00.values.json[0]: PASS
untype00.values.json[1]: PASS
untype00.values.json[2]: FAIL (.: constraints failed [.]; .: Constraint failed: 9 >= 10)
untype00.values.json[3]: FAIL (.: constraints failed [.]; .: Constraint failed: short >= 10)
untype00.values.json[4]: FAIL (.: no model matched [.'@'.'|']; .: unexpected string [.'@'.'|'.1]; .: not a 1 strict int [.'@'.'|'.0])
untype00.values.json[5]: FAIL (.: no model matched [.'@'.'|']; .: unexpected string [.'@'.'|'.1]; .: not a 1 strict int [.'@'.'|'.0])
untype00.values.json[6]: FAIL (.: no model matched [.'@'.'|']; .: unexpected string [.'@'.'|'.1]; .: not a 1 strict int [.'@'.'|'.0])
untype00.values.json[7]: FAIL (.: no model matched [.'@'.'|']; .: unexpected string [.'@'.'|'.1]; .: not a 1 strict int [.'@'.'|'.0])
untype00.values.json[8]: FAIL (.: no model matched [.'@'.'|']; .: unexpected string [.'@'.'|'.1]; .: not a 1 strict int [.'@'.'|'.0])
untype00.values.json[9]: FAIL (.: no model matched [.'@'.'|']; .: unexpected string [.'@'.'|'.1]; .: not a 1 strict int [.'@'.'|'.0])
untype00.values.json[10]: FAIL (.: no model matched [.'@'.'|']; .: unexpected string [.'@'.'|'.1]; .: not a 1 strict int [.'@'.'|'.0])
