xoropt-005.*.false.json: ERROR (PathNotFoundException: Cannot open file, path = 'xoropt-005.*.false.json' (OS Error: No such file or directory, errno = 2))
xoropt-005.*.true.json: ERROR (PathNotFoundException: Cannot open file, path = 'xoropt-005.*.true.json' (OS Error: No such file or directory, errno = 2))
xoropt-005.values.json[0]: PASS
xoropt-005.values.json[1]: PASS
xoropt-005.values.json[2]: PASS
xoropt-005.values.json[3]: FAIL (.: no model matched [.'|']; .: unexpected element [.'|'.1]; .: missing mandatory prop <b> [.'|'.1.'']; .: unexpected element [.'|'.0]; .: missing mandatory prop <a> [.'|'.0.''])
xoropt-005.values.json[4]: FAIL (.: no model matched [.'|']; .: unexpected element [.'|'.1]; .un: not a 0 strict int [.'|'.1.'']; .: unexpected element [.'|'.0]; .un: not a 0 strict int [.'|'.0.''])
xoropt-005.values.json[5]: FAIL (.: unexpected type [.'|'])
xoropt-005.values.json[6]: FAIL (.: unexpected type [.'|'])
xoropt-005.values.json[7]: FAIL (.: unexpected type [.'|'])
xoropt-005.values.json[8]: FAIL (.: unexpected type [.'|'])
xoropt-005.values.json[9]: FAIL (.: unexpected type [.'|'])
xoropt-005.values.json[10]: FAIL (.: unexpected type [.'|'])
xoropt-005.values.json[11]: FAIL (.: unexpected type [.'|'])
xoropt-005.values.json[12]: FAIL (.: unexpected type [.'|'])
