compl00.*.false.json: ERROR (PathNotFoundException: Cannot open file, path = 'compl00.*.false.json' (OS Error: No such file or directory, errno = 2))
compl00.*.true.json: ERROR (PathNotFoundException: Cannot open file, path = 'compl00.*.true.json' (OS Error: No such file or directory, errno = 2))
compl00.values.json[0]: PASS
compl00.values.json[1]: PASS
compl00.values.json[2]: PASS
compl00.values.json[3]: PASS
compl00.values.json[4]: PASS
compl00.values.json[5]: PASS
compl00.values.json[6]: PASS
compl00.values.json[7]: PASS
compl00.values.json[8]: PASS
compl00.values.json[9]: FAIL (.: not one model match [.'^'])
