def_00.*.false.json: ERROR (PathNotFoundException: Cannot open file, path = 'def_00.*.false.json' (OS Error: No such file or directory, errno = 2))
def_00.*.true.json: ERROR (PathNotFoundException: Cannot open file, path = 'def_00.*.true.json' (OS Error: No such file or directory, errno = 2))
def_00.values.json[0]: PASS
def_00.values.json[1]: PASS
def_00.values.json[2]: FAIL (.: not a 0.0 strict float [.'$pos'])
def_00.values.json[3]: FAIL (.: not a 0.0 strict float [.'$pos'])
def_00.values.json[4]: FAIL (.: not a 0.0 strict float [.'$pos'])
