dst_03.*.false.json: ERROR (PathNotFoundException: Cannot open file, path = 'dst_03.*.false.json' (OS Error: No such file or directory, errno = 2))
dst_03.*.true.json: ERROR (PathNotFoundException: Cannot open file, path = 'dst_03.*.true.json' (OS Error: No such file or directory, errno = 2))
dst_03.values.json[0]: PASS
dst_03.values.json[1]: PASS
dst_03.values.json[2]: FAIL (.: no model matched [.'|']; .: unexpected element [.'|'.1]; .: missing mandatory prop <c> [.'|'.1]; .: unexpected element [.'|'.0]; .: bad property count [.'|'.0])
dst_03.values.json[3]: FAIL (.: no model matched [.'|']; .: unexpected element [.'|'.1]; .: bad property count [.'|'.1]; .: unexpected element [.'|'.0]; .: missing mandatory prop <a> [.'|'.0])
dst_03.values.json[4]: FAIL (.: no model matched [.'|']; .: unexpected element [.'|'.1]; .: bad property count [.'|'.1]; .: unexpected element [.'|'.0]; .a: unexpected value for mandatory prop <a> [.'|'.0]; .a: not a 0 strict int [.'|'.0.a])
dst_03.values.json[5]: FAIL (.: no model matched [.'|']; .: unexpected element [.'|'.1]; .c: unexpected value for mandatory prop <c> [.'|'.1]; .c: unexpected string [.'|'.1.c]; .: unexpected element [.'|'.0]; .: bad property count [.'|'.0])
dst_03.values.json[6]: FAIL (.: unexpected type [.'|'])
dst_03.values.json[7]: FAIL (.: no model matched [.'|']; .: unexpected element [.'|'.1]; .: bad property count [.'|'.1]; .: unexpected element [.'|'.0]; .: bad property count [.'|'.0])
dst_03.values.json[8]: FAIL (.: unexpected type [.'|'])
