json-schema-draft-2020-12-fuzzy.*.false.json: ERROR (PathNotFoundException: Cannot open file, path = 'json-schema-draft-2020-12-fuzzy.*.false.json' (OS Error: No such file or directory, errno = 2))
json-schema-draft-2020-12-fuzzy.*.true.json: ERROR (PathNotFoundException: Cannot open file, path = 'json-schema-draft-2020-12-fuzzy.*.true.json' (OS Error: No such file or directory, errno = 2))
json-schema-draft-2020-12-fuzzy.values.json[0]: PASS
json-schema-draft-2020-12-fuzzy.values.json[1]: PASS
json-schema-draft-2020-12-fuzzy.values.json[2]: PASS
json-schema-draft-2020-12-fuzzy.values.json[3]: FAIL (.: no model matched [.'$Schema'.'|']; .: unexpected $ObjectSchema [.'$Schema'.'|'.1]; .: not an object [.'$ObjectSchema']; .: not a bool [.'$Schema'.'|'.0])
json-schema-draft-2020-12-fuzzy.values.json[4]: FAIL (.: no model matched [.'$Schema'.'|']; .: unexpected $ObjectSchema [.'$Schema'.'|'.1]; .: not an object [.'$ObjectSchema']; .: not a bool [.'$Schema'.'|'.0])
json-schema-draft-2020-12-fuzzy.values.json[5]: FAIL (.: no model matched [.'$Schema'.'|']; .: unexpected $ObjectSchema [.'$Schema'.'|'.1]; .: not an object [.'$ObjectSchema']; .: not a bool [.'$Schema'.'|'.0])
json-schema-draft-2020-12-fuzzy.values.json[6]: FAIL (.: no model matched [.'$Schema'.'|']; .: unexpected $ObjectSchema [.'$Schema'.'|'.1]; .: not an object [.'$ObjectSchema']; .: not a bool [.'$Schema'.'|'.0])
json-schema-draft-2020-12-fuzzy.values.json[7]: FAIL (.: no model matched [.'$Schema'.'|']; .: unexpected $ObjectSchema [.'$Schema'.'|'.1]; .: not an object [.'$ObjectSchema']; .: not a bool [.'$Schema'.'|'.0])
json-schema-draft-2020-12-fuzzy.values.json[8]: FAIL (.: no model matched [.'$Schema'.'|']; .: unexpected $ObjectSchema [.'$Schema'.'|'.1]; .: not an object [.'$ObjectSchema']; .: not a bool [.'$Schema'.'|'.0])
