json-schema-draft-2020-12-tight.*.false.json: ERROR (PathNotFoundException: Cannot open file, path = 'json-schema-draft-2020-12-tight.*.false.json' (OS Error: No such file or directory, errno = 2))
json-schema-draft-2020-12-tight.*.true.json: ERROR (PathNotFoundException: Cannot open file, path = 'json-schema-draft-2020-12-tight.*.true.json' (OS Error: No such file or directory, errno = 2))
json-schema-draft-2020-12-tight.values.json[0]: PASS
json-schema-draft-2020-12-tight.values.json[1]: PASS
json-schema-draft-2020-12-tight.values.json[2]: PASS
json-schema-draft-2020-12-tight.values.json[3]: FAIL (.: no model matched [.'$Schema'.'|']; .: unexpected $TightSchema [.'$Schema'.'|'.1]; .: unexpected element [.'$TightSchema'.'|'.7]; .: not an object [.'$TightSchema'.'|'.7]; .: value is not an object [.'$TightSchema'.'|']; .: not a bool [.'$Schema'.'|'.0])
json-schema-draft-2020-12-tight.values.json[4]: FAIL (.: no model matched [.'$Schema'.'|']; .: unexpected $TightSchema [.'$Schema'.'|'.1]; .: unexpected element [.'$TightSchema'.'|'.7]; .: not an object [.'$TightSchema'.'|'.7]; .: value is not an object [.'$TightSchema'.'|']; .: not a bool [.'$Schema'.'|'.0])
json-schema-draft-2020-12-tight.values.json[5]: FAIL (.: no model matched [.'$Schema'.'|']; .: unexpected $TightSchema [.'$Schema'.'|'.1]; .: unexpected element [.'$TightSchema'.'|'.7]; .: not an object [.'$TightSchema'.'|'.7]; .: value is not an object [.'$TightSchema'.'|']; .: not a bool [.'$Schema'.'|'.0])
json-schema-draft-2020-12-tight.values.json[6]: FAIL (.: no model matched [.'$Schema'.'|']; .: unexpected $TightSchema [.'$Schema'.'|'.1]; .: unexpected element [.'$TightSchema'.'|'.7]; .: not an object [.'$TightSchema'.'|'.7]; .: value is not an object [.'$TightSchema'.'|']; .: not a bool [.'$Schema'.'|'.0])
json-schema-draft-2020-12-tight.values.json[7]: FAIL (.: no model matched [.'$Schema'.'|']; .: unexpected $TightSchema [.'$Schema'.'|'.1]; .: unexpected element [.'$TightSchema'.'|'.7]; .: not an object [.'$TightSchema'.'|'.7]; .: value is not an object [.'$TightSchema'.'|']; .: not a bool [.'$Schema'.'|'.0])
json-schema-draft-2020-12-tight.values.json[8]: FAIL (.: no model matched [.'$Schema'.'|']; .: unexpected $TightSchema [.'$Schema'.'|'.1]; .: unexpected element [.'$TightSchema'.'|'.7]; .: not an object [.'$TightSchema'.'|'.7]; .: value is not an object [.'$TightSchema'.'|']; .: not a bool [.'$Schema'.'|'.0])
