eq_3p14.*.false.json: ERROR (PathNotFoundException: Cannot open file, path = 'eq_3p14.*.false.json' (OS Error: No such file or directory, errno = 2))
eq_3p14.*.true.json: ERROR (PathNotFoundException: Cannot open file, path = 'eq_3p14.*.true.json' (OS Error: No such file or directory, errno = 2))
eq_3p14.values.json[0]: PASS
eq_3p14.values.json[1]: PASS
eq_3p14.values.json[2]: PASS
eq_3p14.values.json[3]: FAIL (.: unexpected =3.14 [.])
eq_3p14.values.json[4]: FAIL (.: unexpected =3.14 [.])
