opt_03.*.false.json: ERROR (PathNotFoundException: Cannot open file, path = 'opt_03.*.false.json' (OS Error: No such file or directory, errno = 2))
opt_03.*.true.json: ERROR (PathNotFoundException: Cannot open file, path = 'opt_03.*.true.json' (OS Error: No such file or directory, errno = 2))
opt_03.values.json[0]: PASS
opt_03.values.json[1]: FAIL (.: bad property count [.])
opt_03.values.json[2]: FAIL (.a: unexpected value for mandatory prop <a> [.]; .a: not a 0 strict int [.a])
opt_03.values.json[3]: FAIL (.b: unexpected value for mandatory prop <b> [.]; .b: not a -1 strict int [.b])
opt_03.values.json[4]: FAIL (.c: unexpected value for mandatory prop <c> [.]; .c: not a 1 strict int [.c])
opt_03.values.json[5]: FAIL (.: bad property count [.])
opt_03.values.json[6]: FAIL (.: bad property count [.])
opt_03.values.json[7]: FAIL (.: bad property count [.])
opt_03.values.json[8]: FAIL (.: bad property count [.])
opt_03.values.json[9]: FAIL (.: bad property count [.])
opt_03.values.json[10]: FAIL (.: not an object [.])
opt_03.values.json[11]: FAIL (.: not an object [.])
opt_03.values.json[12]: FAIL (.: not an object [.])
opt_03.values.json[13]: FAIL (.: not an object [.])
opt_03.values.json[14]: FAIL (.: not an object [.])
opt_03.values.json[15]: FAIL (.: not an object [.])
