opt_01.*.false.json: ERROR (PathNotFoundException: Cannot open file, path = 'opt_01.*.false.json' (OS Error: No such file or directory, errno = 2))
opt_01.*.true.json: ERROR (PathNotFoundException: Cannot open file, path = 'opt_01.*.true.json' (OS Error: No such file or directory, errno = 2))
opt_01.values.json[0]: PASS
opt_01.values.json[1]: PASS
opt_01.values.json[2]: PASS
opt_01.values.json[3]: FAIL (.: value not in enum [.'|'])
opt_01.values.json[4]: FAIL (.: value not in enum [.'|'])
opt_01.values.json[5]: FAIL (.: value not in enum [.'|'])
opt_01.values.json[6]: FAIL (.: value not in enum [.'|'])
opt_01.values.json[7]: FAIL (.: value not in enum [.'|'])
opt_01.values.json[8]: FAIL (.: value not in enum [.'|'])
opt_01.values.json[9]: FAIL (.: value not in enum [.'|'])
opt_01.values.json[10]: FAIL (.: value not in enum [.'|'])
opt_01.values.json[11]: FAIL (.: value not in enum [.'|'])
opt_01.values.json[12]: FAIL (.: value not in enum [.'|'])
opt_01.values.json[13]: FAIL (.: value not in enum [.'|'])
