re_3.*.false.json: ERROR (PathNotFoundException: Cannot open file, path = 're_3.*.false.json' (OS Error: No such file or directory, errno = 2))
re_3.*.true.json: ERROR (PathNotFoundException: Cannot open file, path = 're_3.*.true.json' (OS Error: No such file or directory, errno = 2))
re_3.values.json[0]: PASS
re_3.values.json[1]: PASS
re_3.values.json[2]: FAIL (.all: invalid optional prop value [.all]; .all: unexpected /.*/ [.all])
re_3.values.json[3]: FAIL (.nz: invalid optional prop value [.nz]; .nz: unexpected /./s [.nz])
re_3.values.json[4]: FAIL (.nz: invalid optional prop value [.nz]; .nz: unexpected /./s [.nz])
re_3.values.json[5]: FAIL (.some: invalid optional prop value [.some]; .some: unexpected /./ [.some])
