json-schema-draft-next.*.false.json: ERROR (PathNotFoundException: Cannot open file, path = 'json-schema-draft-next.*.false.json' (OS Error: No such file or directory, errno = 2))
json-schema-draft-next.*.true.json: ERROR (PathNotFoundException: Cannot open file, path = 'json-schema-draft-next.*.true.json' (OS Error: No such file or directory, errno = 2))
json-schema-draft-next.values.json[0]: PASS
json-schema-draft-next.values.json[1]: PASS
json-schema-draft-next.values.json[2]: PASS
json-schema-draft-next.values.json[3]: FAIL (.: unexpected $Schema [.'@']; .: no model matched [.'$Schema'.'|']; .: unexpected $ObjectSchema [.'$Schema'.'|'.1]; .: not an object [.'$ObjectSchema']; .: not a bool [.'$Schema'.'|'.0])
json-schema-draft-next.values.json[4]: FAIL (.: unexpected $Schema [.'@']; .: no model matched [.'$Schema'.'|']; .: unexpected $ObjectSchema [.'$Schema'.'|'.1]; .: not an object [.'$ObjectSchema']; .: not a bool [.'$Schema'.'|'.0])
json-schema-draft-next.values.json[5]: FAIL (.: unexpected $Schema [.'@']; .: no model matched [.'$Schema'.'|']; .: unexpected $ObjectSchema [.'$Schema'.'|'.1]; .: not an object [.'$ObjectSchema']; .: not a bool [.'$Schema'.'|'.0])
json-schema-draft-next.values.json[6]: FAIL (.: unexpected $Schema [.'@']; .: no model matched [.'$Schema'.'|']; .: unexpected $ObjectSchema [.'$Schema'.'|'.1]; .: not an object [.'$ObjectSchema']; .: not a bool [.'$Schema'.'|'.0])
json-schema-draft-next.values.json[7]: FAIL (.: unexpected $Schema [.'@']; .: no model matched [.'$Schema'.'|']; .: unexpected $ObjectSchema [.'$Schema'.'|'.1]; .: not an object [.'$ObjectSchema']; .: not a bool [.'$Schema'.'|'.0])
json-schema-draft-next.values.json[8]: FAIL (.: unexpected $Schema [.'@']; .: no model matched [.'$Schema'.'|']; .: unexpected $ObjectSchema [.'$Schema'.'|'.1]; .: not an object [.'$ObjectSchema']; .: not a bool [.'$Schema'.'|'.0])
