json-schema-draft-tight.*.false.json: ERROR (PathNotFoundException: Cannot open file, path = 'json-schema-draft-tight.*.false.json' (OS Error: No such file or directory, errno = 2))
json-schema-draft-tight.*.true.json: ERROR (PathNotFoundException: Cannot open file, path = 'json-schema-draft-tight.*.true.json' (OS Error: No such file or directory, errno = 2))
json-schema-draft-tight.values.json[0]: PASS
json-schema-draft-tight.values.json[1]: FAIL (.: not all model match [.'$RootSchema'.'&']; .: unexpected element [.'$RootSchema'.'&'.0]; .: not an object [.'$RootSchema'.'&'.0])
json-schema-draft-tight.values.json[2]: FAIL (.: not all model match [.'$RootSchema'.'&']; .: unexpected element [.'$RootSchema'.'&'.0]; .: not an object [.'$RootSchema'.'&'.0])
json-schema-draft-tight.values.json[3]: FAIL (.: not all model match [.'$RootSchema'.'&']; .: unexpected element [.'$RootSchema'.'&'.0]; .: not an object [.'$RootSchema'.'&'.0])
json-schema-draft-tight.values.json[4]: FAIL (.: not all model match [.'$RootSchema'.'&']; .: unexpected element [.'$RootSchema'.'&'.0]; .: not an object [.'$RootSchema'.'&'.0])
json-schema-draft-tight.values.json[5]: FAIL (.: not all model match [.'$RootSchema'.'&']; .: unexpected element [.'$RootSchema'.'&'.0]; .: not an object [.'$RootSchema'.'&'.0])
json-schema-draft-tight.values.json[6]: FAIL (.: not all model match [.'$RootSchema'.'&']; .: unexpected element [.'$RootSchema'.'&'.0]; .: not an object [.'$RootSchema'.'&'.0])
json-schema-draft-tight.values.json[7]: FAIL (.: not all model match [.'$RootSchema'.'&']; .: unexpected element [.'$RootSchema'.'&'.0]; .: not an object [.'$RootSchema'.'&'.0])
json-schema-draft-tight.values.json[8]: FAIL (.: not all model match [.'$RootSchema'.'&']; .: unexpected element [.'$RootSchema'.'&'.0]; .: not an object [.'$RootSchema'.'&'.0])
