json-schema-draft-03.*.false.json: ERROR (PathNotFoundException: Cannot open file, path = 'json-schema-draft-03.*.false.json' (OS Error: No such file or directory, errno = 2))
json-schema-draft-03.*.true.json: ERROR (PathNotFoundException: Cannot open file, path = 'json-schema-draft-03.*.true.json' (OS Error: No such file or directory, errno = 2))
json-schema-draft-03.values.json[0]: PASS
json-schema-draft-03.values.json[1]: FAIL (.: not an object [.])
json-schema-draft-03.values.json[2]: FAIL (.: not an object [.])
json-schema-draft-03.values.json[3]: FAIL (.: not an object [.])
json-schema-draft-03.values.json[4]: FAIL (.: not an object [.])
json-schema-draft-03.values.json[5]: FAIL (.: not an object [.])
json-schema-draft-03.values.json[6]: FAIL (.: not an object [.])
json-schema-draft-03.values.json[7]: FAIL (.: not an object [.])
json-schema-draft-03.values.json[8]: FAIL (.: not an object [.])
