varlen-1.*.false.json: ERROR (PathNotFoundException: Cannot open file, path = 'varlen-1.*.false.json' (OS Error: No such file or directory, errno = 2))
varlen-1.*.true.json: ERROR (PathNotFoundException: Cannot open file, path = 'varlen-1.*.true.json' (OS Error: No such file or directory, errno = 2))
varlen-1.values.json[0]: PASS
varlen-1.values.json[1]: PASS
varlen-1.values.json[2]: PASS
varlen-1.values.json[3]: PASS
varlen-1.values.json[4]: FAIL (.: constraints failed [.])
varlen-1.values.json[5]: FAIL (.: constraints failed [.])
varlen-1.values.json[6]: FAIL (.: constraints failed [.])
varlen-1.values.json[7]: FAIL (.: not array or unexpected array [.'@']; .0: unexpected string [.'@'.0])
varlen-1.values.json[8]: FAIL (.: not array or unexpected array [.'@'])
varlen-1.values.json[9]: FAIL (.: not array or unexpected array [.'@'])
varlen-1.values.json[10]: FAIL (.: not array or unexpected array [.'@'])
varlen-1.values.json[11]: FAIL (.: not array or unexpected array [.'@'])
varlen-1.values.json[12]: FAIL (.: not array or unexpected array [.'@'])
varlen-1.values.json[13]: FAIL (.: not array or unexpected array [.'@'])
varlen-1.values.json[14]: FAIL (.: not array or unexpected array [.'@'])
varlen-1.values.json[15]: FAIL (.: not array or unexpected array [.'@'])
