varlen-0.*.false.json: ERROR (PathNotFoundException: Cannot open file, path = 'varlen-0.*.false.json' (OS Error: No such file or directory, errno = 2))
varlen-0.*.true.json: ERROR (PathNotFoundException: Cannot open file, path = 'varlen-0.*.true.json' (OS Error: No such file or directory, errno = 2))
varlen-0.values.json[0]: PASS
varlen-0.values.json[1]: PASS
varlen-0.values.json[2]: PASS
varlen-0.values.json[3]: FAIL (.: constraints failed [.])
varlen-0.values.json[4]: FAIL (.: constraints failed [.])
varlen-0.values.json[5]: FAIL (.: constraints failed [.])
varlen-0.values.json[6]: FAIL (.: constraints failed [.])
varlen-0.values.json[7]: FAIL (.: constraints failed [.])
varlen-0.values.json[8]: FAIL (.: not array or unexpected array [.'@']; .2: not a bool [.'@'.2])
varlen-0.values.json[9]: FAIL (.: not array or unexpected array [.'@']; .3: not a bool [.'@'.2])
varlen-0.values.json[10]: FAIL (.: not array or unexpected array [.'@']; .4: not a bool [.'@'.2])
varlen-0.values.json[11]: FAIL (.: not array or unexpected array [.'@']; .0: not a -1 strict int [.'@'.0])
varlen-0.values.json[12]: FAIL (.: not array or unexpected array [.'@']; .1: unexpected string [.'@'.1])
varlen-0.values.json[13]: FAIL (.: not array or unexpected array [.'@']; .1: unexpected string [.'@'.1])
varlen-0.values.json[14]: FAIL (.: not array or unexpected array [.'@'])
varlen-0.values.json[15]: FAIL (.: not array or unexpected array [.'@'])
varlen-0.values.json[16]: FAIL (.: not array or unexpected array [.'@'])
varlen-0.values.json[17]: FAIL (.: not array or unexpected array [.'@'])
varlen-0.values.json[18]: FAIL (.: not array or unexpected array [.'@'])
varlen-0.values.json[19]: FAIL (.: not array or unexpected array [.'@'])
varlen-0.values.json[20]: FAIL (.: not array or unexpected array [.'@'])
varlen-0.values.json[21]: FAIL (.: not array or unexpected array [.'@'])
varlen-0.values.json[22]: FAIL (.: not array or unexpected array [.'@'])
