starts_with_array.*.false.json: ERROR (PathNotFoundException: Cannot open file, path = 'starts_with_array.*.false.json' (OS Error: No such file or directory, errno = 2))
starts_with_array.*.true.json: ERROR (PathNotFoundException: Cannot open file, path = 'starts_with_array.*.true.json' (OS Error: No such file or directory, errno = 2))
starts_with_array.values.json[0]: PASS
starts_with_array.values.json[1]: PASS
starts_with_array.values.json[2]: PASS
starts_with_array.values.json[3]: PASS
starts_with_array.values.json[4]: PASS
starts_with_array.values.json[5]: FAIL (.: not array or unexpected array [.]; .0: unexpected /^hello world!/ [.0])
starts_with_array.values.json[6]: FAIL (.: not array or unexpected array [.]; .0: unexpected /^hello world!/ [.0])
starts_with_array.values.json[7]: FAIL (.: not array or unexpected array [.]; .0: unexpected /^hello world!/ [.0])
starts_with_array.values.json[8]: FAIL (.: not array or unexpected array [.])
starts_with_array.values.json[9]: FAIL (.: not array or unexpected array [.])
starts_with_array.values.json[10]: FAIL (.: not array or unexpected array [.])
starts_with_array.values.json[11]: FAIL (.: not array or unexpected array [.])
starts_with_array.values.json[12]: FAIL (.: not array or unexpected array [.])
starts_with_array.values.json[13]: FAIL (.: not array or unexpected array [.])
starts_with_array.values.json[14]: FAIL (.: not array or unexpected array [.])
starts_with_array.values.json[15]: FAIL (.: not array or unexpected array [.])
starts_with_array.values.json[16]: FAIL (.: not array or unexpected array [.])
