test-schema.*.false.json: ERROR (PathNotFoundException: Cannot open file, path = 'test-schema.*.false.json' (OS Error: No such file or directory, errno = 2))
test-schema.*.true.json: ERROR (PathNotFoundException: Cannot open file, path = 'test-schema.*.true.json' (OS Error: No such file or directory, errno = 2))
test-schema.values.json[0]: FAIL (.: not array or unexpected array [.'@'])
test-schema.values.json[1]: FAIL (.: not array or unexpected array [.'@'])
test-schema.values.json[2]: FAIL (.: not array or unexpected array [.'@'])
test-schema.values.json[3]: FAIL (.: not array or unexpected array [.'@'])
test-schema.values.json[4]: FAIL (.: not array or unexpected array [.'@'])
test-schema.values.json[5]: FAIL (.: not array or unexpected array [.'@'])
test-schema.values.json[6]: FAIL (.: constraints failed [.])
test-schema.values.json[7]: FAIL (.: not array or unexpected array [.'@']; .0: unexpected $TestCase [.'@'.0]; .0: not an object [.'$TestCase'])
