enum_03.*.false.json: ERROR (PathNotFoundException: Cannot open file, path = 'enum_03.*.false.json' (OS Error: No such file or directory, errno = 2))
enum_03.*.true.json: ERROR (PathNotFoundException: Cannot open file, path = 'enum_03.*.true.json' (OS Error: No such file or directory, errno = 2))
enum_03.values.json[0]: PASS
enum_03.values.json[1]: PASS
enum_03.values.json[2]: FAIL (.: value not in enum [.'|'])
enum_03.values.json[3]: FAIL (.: value not in enum [.'|'])
enum_03.values.json[4]: FAIL (.: value not in enum [.'|'])
enum_03.values.json[5]: FAIL (.: value not in enum [.'|'])
enum_03.values.json[6]: FAIL (.: value not in enum [.'|'])
