uniq_0.*.false.json: ERROR (PathNotFoundException: Cannot open file, path = 'uniq_0.*.false.json' (OS Error: No such file or directory, errno = 2))
uniq_0.*.true.json: ERROR (PathNotFoundException: Cannot open file, path = 'uniq_0.*.true.json' (OS Error: No such file or directory, errno = 2))
uniq_0.values.json[0]: PASS
uniq_0.values.json[1]: PASS
uniq_0.values.json[2]: PASS
uniq_0.values.json[3]: FAIL (.: constraints failed [.]; .: Array elements are not unique)
uniq_0.values.json[4]: FAIL (.: not array or unexpected array [.'@']; .0: not a 1 strict int [.'@'.0])
