ex_02.*.false.json: ERROR (PathNotFoundException: Cannot open file, path = 'ex_02.*.false.json' (OS Error: No such file or directory, errno = 2))
ex_02.*.true.json: ERROR (PathNotFoundException: Cannot open file, path = 'ex_02.*.true.json' (OS Error: No such file or directory, errno = 2))
ex_02.values.json[0]: PASS
ex_02.values.json[1]: FAIL (.: not array or unexpected array [.]; .1: unexpected _Susie [.1])
ex_02.values.json[2]: FAIL (.: not array or unexpected array [.])
ex_02.values.json[3]: FAIL (.: not array or unexpected array [.])
ex_02.values.json[4]: FAIL (.: not array or unexpected array [.])
ex_02.values.json[5]: FAIL (.: not array or unexpected array [.])
ex_02.values.json[6]: FAIL (.: not array or unexpected array [.])
