ex_03.*.false.json: ERROR (PathNotFoundException: Cannot open file, path = 'ex_03.*.false.json' (OS Error: No such file or directory, errno = 2))
ex_03.*.true.json: ERROR (PathNotFoundException: Cannot open file, path = 'ex_03.*.true.json' (OS Error: No such file or directory, errno = 2))
ex_03.values.json[0]: PASS
ex_03.values.json[1]: FAIL (.: unexpected _Susie [.'@'])
ex_03.values.json[2]: FAIL (.: unexpected _Susie [.'@'])
ex_03.values.json[3]: FAIL (.: unexpected _Susie [.'@'])
ex_03.values.json[4]: FAIL (.: unexpected _Susie [.'@'])
ex_03.values.json[5]: FAIL (.: unexpected _Susie [.'@'])
