base-017.*.false.json: ERROR (PathNotFoundException: Cannot open file, path = 'base-017.*.false.json' (OS Error: No such file or directory, errno = 2))
base-017.*.true.json: ERROR (PathNotFoundException: Cannot open file, path = 'base-017.*.true.json' (OS Error: No such file or directory, errno = 2))
base-017.values.json[0]: PASS
base-017.values.json[1]: PASS
base-017.values.json[2]: FAIL (.: constraints failed [.])
base-017.values.json[3]: FAIL (.: constraints failed [.])
base-017.values.json[4]: FAIL (.: constraints failed [.])
base-017.values.json[5]: FAIL (.: constraints failed [.])
base-017.values.json[6]: FAIL (.: constraints failed [.])
base-017.values.json[7]: FAIL (.: unexpected string [.'@'])
base-017.values.json[8]: FAIL (.: unexpected string [.'@'])
base-017.values.json[9]: FAIL (.: unexpected string [.'@'])
base-017.values.json[10]: FAIL (.: unexpected string [.'@'])
base-017.values.json[11]: FAIL (.: unexpected string [.'@'])
base-017.values.json[12]: FAIL (.: unexpected string [.'@'])
base-017.values.json[13]: FAIL (.: unexpected string [.'@'])
base-017.values.json[14]: FAIL (.: unexpected string [.'@'])
base-017.values.json[15]: FAIL (.: unexpected string [.'@'])
