base-013.*.false.json: ERROR (PathNotFoundException: Cannot open file, path = 'base-013.*.false.json' (OS Error: No such file or directory, errno = 2))
base-013.*.true.json: ERROR (PathNotFoundException: Cannot open file, path = 'base-013.*.true.json' (OS Error: No such file or directory, errno = 2))
base-013.values.json[0]: PASS
base-013.values.json[1]: PASS
base-013.values.json[2]: FAIL (.: not a bool [.])
base-013.values.json[3]: FAIL (.: not a bool [.])
base-013.values.json[4]: FAIL (.: not a bool [.])
base-013.values.json[5]: FAIL (.: not a bool [.])
base-013.values.json[6]: FAIL (.: not a bool [.])
base-013.values.json[7]: FAIL (.: not a bool [.])
