pattern_0.*.false.json: ERROR (PathNotFoundException: Cannot open file, path = 'pattern_0.*.false.json' (OS Error: No such file or directory, errno = 2))
pattern_0.*.true.json: ERROR (PathNotFoundException: Cannot open file, path = 'pattern_0.*.true.json' (OS Error: No such file or directory, errno = 2))
pattern_0.values.json[0]: PASS
pattern_0.values.json[1]: PASS
pattern_0.values.json[2]: FAIL (.: unexpected /^[A-Z].*/ [.])
pattern_0.values.json[3]: FAIL (.: unexpected /^[A-Z].*/ [.])
pattern_0.values.json[4]: FAIL (.: unexpected /^[A-Z].*/ [.])
pattern_0.values.json[5]: FAIL (.: unexpected /^[A-Z].*/ [.])
pattern_0.values.json[6]: FAIL (.: unexpected /^[A-Z].*/ [.])
pattern_0.values.json[7]: FAIL (.: unexpected /^[A-Z].*/ [.])
pattern_0.values.json[8]: FAIL (.: unexpected /^[A-Z].*/ [.])
pattern_0.values.json[9]: FAIL (.: unexpected /^[A-Z].*/ [.])
pattern_0.values.json[10]: FAIL (.: unexpected /^[A-Z].*/ [.])
pattern_0.values.json[11]: FAIL (.: unexpected /^[A-Z].*/ [.])
pattern_0.values.json[12]: FAIL (.: unexpected /^[A-Z].*/ [.])
pattern_0.values.json[13]: FAIL (.: unexpected /^[A-Z].*/ [.])
