string_const_2.*.false.json: ERROR (PathNotFoundException: Cannot open file, path = 'string_const_2.*.false.json' (OS Error: No such file or directory, errno = 2))
string_const_2.*.true.json: ERROR (PathNotFoundException: Cannot open file, path = 'string_const_2.*.true.json' (OS Error: No such file or directory, errno = 2))
string_const_2.values.json[0]: PASS
string_const_2.values.json[1]: FAIL (.: unexpected _# [.])
string_const_2.values.json[2]: FAIL (.: unexpected _# [.])
string_const_2.values.json[3]: FAIL (.: unexpected _# [.])
string_const_2.values.json[4]: FAIL (.: unexpected _# [.])
string_const_2.values.json[5]: FAIL (.: unexpected _# [.])
string_const_2.values.json[6]: FAIL (.: unexpected _# [.])
string_const_2.values.json[7]: FAIL (.: unexpected _# [.])
string_const_2.values.json[8]: FAIL (.: unexpected _# [.])
string_const_2.values.json[9]: FAIL (.: unexpected _# [.])
string_const_2.values.json[10]: FAIL (.: unexpected _# [.])
string_const_2.values.json[11]: FAIL (.: unexpected _# [.])
string_const_2.values.json[12]: FAIL (.: unexpected _# [.])
