name_age.*.false.json: ERROR (PathNotFoundException: Cannot open file, path = 'name_age.*.false.json' (OS Error: No such file or directory, errno = 2))
name_age.*.true.json: ERROR (PathNotFoundException: Cannot open file, path = 'name_age.*.true.json' (OS Error: No such file or directory, errno = 2))
name_age.values.json[0]: PASS
name_age.values.json[1]: PASS
name_age.values.json[2]: FAIL (.: bad property count [.])
name_age.values.json[3]: FAIL (.: missing mandatory prop <name> [.])
name_age.values.json[4]: FAIL (.: bad property count [.])
name_age.values.json[5]: FAIL (.: not an object [.])
name_age.values.json[6]: FAIL (.: not an object [.])
name_age.values.json[7]: FAIL (.: not an object [.])
name_age.values.json[8]: FAIL (.: not an object [.])
name_age.values.json[9]: FAIL (.: not an object [.])
name_age.values.json[10]: FAIL (.: not an object [.])
name_age.values.json[11]: FAIL (.: not an object [.])
