arr_2.*.false.json: ERROR (PathNotFoundException: Cannot open file, path = 'arr_2.*.false.json' (OS Error: No such file or directory, errno = 2))
arr_2.*.true.json: ERROR (PathNotFoundException: Cannot open file, path = 'arr_2.*.true.json' (OS Error: No such file or directory, errno = 2))
arr_2.values.json[0]: PASS
arr_2.values.json[1]: FAIL (.: not array or unexpected array [.])
arr_2.values.json[2]: FAIL (.: not array or unexpected array [.])
arr_2.values.json[3]: FAIL (.: not array or unexpected array [.])
arr_2.values.json[4]: FAIL (.: not array or unexpected array [.])
arr_2.values.json[5]: FAIL (.: not array or unexpected array [.])
arr_2.values.json[6]: FAIL (.: not array or unexpected array [.]; .0: not a bool [.0])
arr_2.values.json[7]: FAIL (.: not array or unexpected array [.]; .1: not a 0 strict int [.1])
