arr_any.*.false.json: ERROR (PathNotFoundException: Cannot open file, path = 'arr_any.*.false.json' (OS Error: No such file or directory, errno = 2))
arr_any.*.true.json: ERROR (PathNotFoundException: Cannot open file, path = 'arr_any.*.true.json' (OS Error: No such file or directory, errno = 2))
arr_any.values.json[0]: PASS
arr_any.values.json[1]: PASS
arr_any.values.json[2]: FAIL (.: not array or unexpected array [.])
arr_any.values.json[3]: FAIL (.: not array or unexpected array [.])
arr_any.values.json[4]: FAIL (.: not array or unexpected array [.])
