arr_0.*.false.json: ERROR (PathNotFoundException: Cannot open file, path = 'arr_0.*.false.json' (OS Error: No such file or directory, errno = 2))
arr_0.*.true.json: ERROR (PathNotFoundException: Cannot open file, path = 'arr_0.*.true.json' (OS Error: No such file or directory, errno = 2))
arr_0.values.json[0]: PASS
arr_0.values.json[1]: PASS
arr_0.values.json[2]: PASS
arr_0.values.json[3]: PASS
arr_0.values.json[4]: FAIL (.: not array or unexpected array [.])
arr_0.values.json[5]: FAIL (.: not array or unexpected array [.])
arr_0.values.json[6]: FAIL (.: not array or unexpected array [.]; .2: not a bool [.0])
arr_0.values.json[7]: FAIL (.: not array or unexpected array [.]; .0: not a bool [.0])
arr_0.values.json[8]: FAIL (.: not array or unexpected array [.]; .0: not a bool [.0])
arr_0.values.json[9]: FAIL (.: not array or unexpected array [.])
arr_0.values.json[10]: FAIL (.: not array or unexpected array [.])
arr_0.values.json[11]: FAIL (.: not array or unexpected array [.])
arr_0.values.json[12]: FAIL (.: not array or unexpected array [.])
arr_0.values.json[13]: FAIL (.: not array or unexpected array [.])
