float_0.*.false.json: ERROR (PathNotFoundException: Cannot open file, path = 'float_0.*.false.json' (OS Error: No such file or directory, errno = 2))
float_0.*.true.json: ERROR (PathNotFoundException: Cannot open file, path = 'float_0.*.true.json' (OS Error: No such file or directory, errno = 2))
float_0.values.json[0]: PASS
float_0.values.json[1]: PASS
float_0.values.json[2]: PASS
float_0.values.json[3]: PASS
float_0.values.json[4]: FAIL (.: not a 0.0 strict float [.])
float_0.values.json[5]: FAIL (.: not a 0.0 strict float [.])
float_0.values.json[6]: FAIL (.: not a 0.0 strict float [.])
