float_1.*.false.json: ERROR (PathNotFoundException: Cannot open file, path = 'float_1.*.false.json' (OS Error: No such file or directory, errno = 2))
float_1.*.true.json: ERROR (PathNotFoundException: Cannot open file, path = 'float_1.*.true.json' (OS Error: No such file or directory, errno = 2))
float_1.values.json[0]: PASS
float_1.values.json[1]: FAIL (.: not a 1.0 strict float [.])
float_1.values.json[2]: FAIL (.: not a 1.0 strict float [.])
float_1.values.json[3]: FAIL (.: not a 1.0 strict float [.])
float_1.values.json[4]: FAIL (.: not a 1.0 strict float [.])
float_1.values.json[5]: FAIL (.: not a 1.0 strict float [.])
