fourty-two.*.false.json: ERROR (PathNotFoundException: Cannot open file, path = 'fourty-two.*.false.json' (OS Error: No such file or directory, errno = 2))
fourty-two.*.true.json: ERROR (PathNotFoundException: Cannot open file, path = 'fourty-two.*.true.json' (OS Error: No such file or directory, errno = 2))
fourty-two.values.json[0]: PASS
fourty-two.values.json[1]: FAIL (.: unexpected =42 [.])
fourty-two.values.json[2]: FAIL (.: unexpected =42 [.])
fourty-two.values.json[3]: FAIL (.: unexpected =42 [.])
fourty-two.values.json[4]: FAIL (.: unexpected =42 [.])
