one_mm.*.false.json: ERROR (PathNotFoundException: Cannot open file, path = 'one_mm.*.false.json' (OS Error: No such file or directory, errno = 2))
one_mm.*.true.json: ERROR (PathNotFoundException: Cannot open file, path = 'one_mm.*.true.json' (OS Error: No such file or directory, errno = 2))
one_mm.values.json[0]: PASS
one_mm.values.json[1]: PASS
one_mm.values.json[2]: FAIL (.: missing mandatory prop <must> [.])
one_mm.values.json[3]: FAIL (.: missing mandatory prop <must> [.])
one_mm.values.json[4]: FAIL (.must: invalid mandatory prop value [.must]; .must: not a 0 strict int [.must])
one_mm.values.json[5]: FAIL (.not: unexpected prop [.])
one_mm.values.json[6]: FAIL (.un: unexpected prop [.])
one_mm.values.json[7]: FAIL (.: not an object [.])
one_mm.values.json[8]: FAIL (.: not an object [.])
one_mm.values.json[9]: FAIL (.: not an object [.])
one_mm.values.json[10]: FAIL (.: not an object [.])
one_mm.values.json[11]: FAIL (.: not an object [.])
one_mm.values.json[12]: FAIL (.: not an object [.])
one_mm.values.json[13]: FAIL (.: not an object [.])
