or_01.*.false.json: ERROR (PathNotFoundException: Cannot open file, path = 'or_01.*.false.json' (OS Error: No such file or directory, errno = 2))
or_01.*.true.json: ERROR (PathNotFoundException: Cannot open file, path = 'or_01.*.true.json' (OS Error: No such file or directory, errno = 2))
or_01.values.json[0]: PASS
or_01.values.json[1]: PASS
or_01.values.json[2]: PASS
or_01.values.json[3]: FAIL (.: no model matched [.'|']; .: unexpected /[0-9]/ [.'|'.0]; .: value not in enum [.'|'])
or_01.values.json[4]: FAIL (.: unexpected type [.'|']; .: value not in enum [.'|'])
or_01.values.json[5]: FAIL (.: unexpected type [.'|']; .: value not in enum [.'|'])
or_01.values.json[6]: FAIL (.: unexpected type [.'|']; .: value not in enum [.'|'])
or_01.values.json[7]: FAIL (.: unexpected type [.'|']; .: value not in enum [.'|'])
