or_09.*.false.json: ERROR (PathNotFoundException: Cannot open file, path = 'or_09.*.false.json' (OS Error: No such file or directory, errno = 2))
or_09.*.true.json: ERROR (PathNotFoundException: Cannot open file, path = 'or_09.*.true.json' (OS Error: No such file or directory, errno = 2))
or_09.values.json[0]: PASS
or_09.values.json[1]: PASS
or_09.values.json[2]: FAIL (.: not a -1.0 strict float [.])
or_09.values.json[3]: FAIL (.: not a -1.0 strict float [.])
or_09.values.json[4]: FAIL (.: not a -1.0 strict float [.])
or_09.values.json[5]: FAIL (.: not a -1.0 strict float [.])
or_09.values.json[6]: FAIL (.: not a -1.0 strict float [.])
or_09.values.json[7]: FAIL (.: not a -1.0 strict float [.])
or_09.values.json[8]: FAIL (.: not a -1.0 strict float [.])
