or_07.*.false.json: ERROR (PathNotFoundException: Cannot open file, path = 'or_07.*.false.json' (OS Error: No such file or directory, errno = 2))
or_07.*.true.json: ERROR (PathNotFoundException: Cannot open file, path = 'or_07.*.true.json' (OS Error: No such file or directory, errno = 2))
or_07.values.json[0]: PASS
or_07.values.json[1]: PASS
or_07.values.json[2]: PASS
or_07.values.json[3]: FAIL (.: no model matched [.'|']; .: unexpected string [.'|'.2]; .: not a -1 strict int [.'|'.1]; .: not null [.'|'.0])
or_07.values.json[4]: FAIL (.: no model matched [.'|']; .: unexpected string [.'|'.2]; .: not a -1 strict int [.'|'.1]; .: not null [.'|'.0])
or_07.values.json[5]: FAIL (.: no model matched [.'|']; .: unexpected string [.'|'.2]; .: not a -1 strict int [.'|'.1]; .: not null [.'|'.0])
