and_str00.*.false.json: ERROR (PathNotFoundException: Cannot open file, path = 'and_str00.*.false.json' (OS Error: No such file or directory, errno = 2))
and_str00.*.true.json: ERROR (PathNotFoundException: Cannot open file, path = 'and_str00.*.true.json' (OS Error: No such file or directory, errno = 2))
and_str00.values.json[0]: PASS
and_str00.values.json[1]: FAIL (.: not all model match [.'&']; .: unexpected /[a-z]/ [.'&'.0])
and_str00.values.json[2]: FAIL (.: not all model match [.'&'])
and_str00.values.json[3]: FAIL (.: not all model match [.'&'])
and_str00.values.json[4]: FAIL (.: not all model match [.'&'])
and_str00.values.json[5]: FAIL (.: not all model match [.'&'])
and_str00.values.json[6]: FAIL (.: not all model match [.'&'])
and_str00.values.json[7]: FAIL (.: not all model match [.'&'])
and_str00.values.json[8]: FAIL (.: not all model match [.'&'])
and_str00.values.json[9]: FAIL (.: not all model match [.'&'])
and_str00.values.json[10]: FAIL (.: not all model match [.'&'])
