xor_ob03.*.false.json: ERROR (PathNotFoundException: Cannot open file, path = 'xor_ob03.*.false.json' (OS Error: No such file or directory, errno = 2))
xor_ob03.*.true.json: ERROR (PathNotFoundException: Cannot open file, path = 'xor_ob03.*.true.json' (OS Error: No such file or directory, errno = 2))
xor_ob03.values.json[0]: PASS
xor_ob03.values.json[1]: PASS
xor_ob03.values.json[2]: FAIL (.movie: unexpected value for mandatory prop <movie> [.]; .movie: tag <t> value not found [.movie.'|'])
xor_ob03.values.json[3]: FAIL (.movie: unexpected value for mandatory prop <movie> [.]; .movie: bad property count [.movie.'|'.0])
xor_ob03.values.json[4]: FAIL (.movie: unexpected value for mandatory prop <movie> [.]; .movie.titre: unexpected value for mandatory prop <titre> [.movie.'|'.0]; .movie.titre: unexpected string [.movie.'|'.0.titre])
xor_ob03.values.json[5]: FAIL (.movie: unexpected value for mandatory prop <movie> [.]; .movie: bad property count [.movie.'|'.0])
xor_ob03.values.json[6]: FAIL (.movie: unexpected value for mandatory prop <movie> [.]; .movie: tag prop <t> is missing [.movie.'|'])
xor_ob03.values.json[7]: FAIL (.: bad property count [.])
xor_ob03.values.json[8]: FAIL (.: not an object [.])
xor_ob03.values.json[9]: FAIL (.: not an object [.])
xor_ob03.values.json[10]: FAIL (.: not an object [.])
xor_ob03.values.json[11]: FAIL (.: not an object [.])
xor_ob03.values.json[12]: FAIL (.: not an object [.])
xor_ob03.values.json[13]: FAIL (.: not an object [.])
xor_ob03.values.json[14]: FAIL (.: not an object [.])
