xor_01.*.false.json: ERROR (PathNotFoundException: Cannot open file, path = 'xor_01.*.false.json' (OS Error: No such file or directory, errno = 2))
xor_01.*.true.json: ERROR (PathNotFoundException: Cannot open file, path = 'xor_01.*.true.json' (OS Error: No such file or directory, errno = 2))
xor_01.values.json[0]: FAIL (.: not one model match [.'^'])
xor_01.values.json[1]: FAIL (.: not one model match [.'^']; .: unexpected element [.'^'.1]; .: not an object [.'^'.1])
xor_01.values.json[2]: FAIL (.: not one model match [.'^']; .: unexpected element [.'^'.1]; .: not an object [.'^'.1])
xor_01.values.json[3]: FAIL (.: not one model match [.'^']; .: unexpected element [.'^'.1]; .: not an object [.'^'.1])
xor_01.values.json[4]: FAIL (.: not one model match [.'^']; .: unexpected element [.'^'.1]; .: not an object [.'^'.1])
xor_01.values.json[5]: FAIL (.: not one model match [.'^']; .: unexpected element [.'^'.1]; .: not an object [.'^'.1])
xor_01.values.json[6]: FAIL (.: not one model match [.'^']; .: unexpected element [.'^'.1]; .: not an object [.'^'.1])
xor_01.values.json[7]: FAIL (.: not one model match [.'^']; .: unexpected element [.'^'.1]; .: not an object [.'^'.1])
xor_01.values.json[8]: FAIL (.: not one model match [.'^']; .: unexpected element [.'^'.1]; .: bad property count [.'^'.1])
xor_01.values.json[9]: FAIL (.: not one model match [.'^']; .: unexpected element [.'^'.1]; .: missing mandatory prop <a> [.'^'.1])
