xor_03.*.false.json: ERROR (PathNotFoundException: Cannot open file, path = 'xor_03.*.false.json' (OS Error: No such file or directory, errno = 2))
xor_03.*.true.json: ERROR (PathNotFoundException: Cannot open file, path = 'xor_03.*.true.json' (OS Error: No such file or directory, errno = 2))
xor_03.values.json[0]: FAIL (.: not one model match [.'^'])
xor_03.values.json[1]: FAIL (.: not one model match [.'^'])
xor_03.values.json[2]: PASS
xor_03.values.json[3]: PASS
xor_03.values.json[4]: PASS
xor_03.values.json[5]: PASS
xor_03.values.json[6]: PASS
xor_03.values.json[7]: PASS
xor_03.values.json[8]: PASS
xor_03.values.json[9]: PASS
xor_03.values.json[10]: PASS
