xor_ob01.*.false.json: ERROR (PathNotFoundException: Cannot open file, path = 'xor_ob01.*.false.json' (OS Error: No such file or directory, errno = 2))
xor_ob01.*.true.json: ERROR (PathNotFoundException: Cannot open file, path = 'xor_ob01.*.true.json' (OS Error: No such file or directory, errno = 2))
xor_ob01.values.json[0]: PASS
xor_ob01.values.json[1]: PASS
xor_ob01.values.json[2]: PASS
xor_ob01.values.json[3]: PASS
xor_ob01.values.json[4]: FAIL (.: no model matched [.'|']; .: unexpected element [.'|'.3]; .: missing mandatory prop <b> [.'|'.3]; .: unexpected element [.'|'.2]; .: missing mandatory prop <b> [.'|'.2]; .: unexpected element [.'|'.1]; .: missing mandatory prop <c> [.'|'.1]; .: unexpected element [.'|'.0]; .: bad property count [.'|'.0])
xor_ob01.values.json[5]: FAIL (.: no model matched [.'|']; .: unexpected element [.'|'.3]; .: bad property count [.'|'.3]; .: unexpected element [.'|'.2]; .: bad property count [.'|'.2]; .: unexpected element [.'|'.1]; .: bad property count [.'|'.1]; .: unexpected element [.'|'.0]; .: missing mandatory prop <a> [.'|'.0])
xor_ob01.values.json[6]: FAIL (.: no model matched [.'|']; .: unexpected element [.'|'.3]; .: bad property count [.'|'.3]; .: unexpected element [.'|'.2]; .: bad property count [.'|'.2]; .: unexpected element [.'|'.1]; .: bad property count [.'|'.1]; .: unexpected element [.'|'.0]; .: missing mandatory prop <a> [.'|'.0])
xor_ob01.values.json[7]: FAIL (.: no model matched [.'|']; .: unexpected element [.'|'.3]; .: bad property count [.'|'.3]; .: unexpected element [.'|'.2]; .: bad property count [.'|'.2]; .: unexpected element [.'|'.1]; .: bad property count [.'|'.1]; .: unexpected element [.'|'.0]; .: bad property count [.'|'.0])
xor_ob01.values.json[8]: FAIL (.: unexpected type [.'|'])
xor_ob01.values.json[9]: FAIL (.: unexpected type [.'|'])
xor_ob01.values.json[10]: FAIL (.: unexpected type [.'|'])
xor_ob01.values.json[11]: FAIL (.: unexpected type [.'|'])
xor_ob01.values.json[12]: FAIL (.: unexpected type [.'|'])
xor_ob01.values.json[13]: FAIL (.: unexpected type [.'|'])
xor_ob01.values.json[14]: FAIL (.: unexpected type [.'|'])
