int_cons.*.false.json: ERROR (PathNotFoundException: Cannot open file, path = 'int_cons.*.false.json' (OS Error: No such file or directory, errno = 2))
int_cons.*.true.json: ERROR (PathNotFoundException: Cannot open file, path = 'int_cons.*.true.json' (OS Error: No such file or directory, errno = 2))
int_cons.values.json[0]: PASS
int_cons.values.json[1]: FAIL (.: constraints failed [.])
int_cons.values.json[2]: FAIL (.: constraints failed [.])
int_cons.values.json[3]: FAIL (.: constraints failed [.])
int_cons.values.json[4]: FAIL (.: constraints failed [.])
int_cons.values.json[5]: FAIL (.: unexpected string [.'@'])
int_cons.values.json[6]: FAIL (.: unexpected string [.'@'])
int_cons.values.json[7]: FAIL (.: unexpected string [.'@'])
int_cons.values.json[8]: FAIL (.: unexpected string [.'@'])
int_cons.values.json[9]: FAIL (.: unexpected string [.'@'])
int_cons.values.json[10]: FAIL (.: unexpected string [.'@'])
int_cons.values.json[11]: FAIL (.: unexpected string [.'@'])
int_cons.values.json[12]: FAIL (.: unexpected string [.'@'])
int_cons.values.json[13]: FAIL (.: unexpected string [.'@'])
