simp_cons_0.*.false.json: ERROR (PathNotFoundException: Cannot open file, path = 'simp_cons_0.*.false.json' (OS Error: No such file or directory, errno = 2))
simp_cons_0.*.true.json: ERROR (PathNotFoundException: Cannot open file, path = 'simp_cons_0.*.true.json' (OS Error: No such file or directory, errno = 2))
simp_cons_0.values.json[0]: PASS
simp_cons_0.values.json[1]: FAIL (.: not a 1.0 strict float [.'@'])
simp_cons_0.values.json[2]: FAIL (.: constraints failed [.])
simp_cons_0.values.json[3]: FAIL (.: not a 1.0 strict float [.'@'])
simp_cons_0.values.json[4]: FAIL (.: not a 1.0 strict float [.'@'])
simp_cons_0.values.json[5]: FAIL (.: not a 1.0 strict float [.'@'])
simp_cons_0.values.json[6]: FAIL (.: not a 1.0 strict float [.'@'])
simp_cons_0.values.json[7]: FAIL (.: not a 1.0 strict float [.'@'])
